#
# A fatal error has been detected by the Java Runtime Environment:
#
#  SIGSEGV (0xb) at pc=0x00007fff94fef097, pid=1220, tid=3335
#
# JRE version: Java(TM) SE Runtime Environment (8.0_65-b17) (build 1.8.0_65-b17)
# Java VM: Java HotSpot(TM) 64-Bit Server VM (25.65-b01 mixed mode bsd-amd64 compressed oops)
# Problematic frame:
# C  [libobjc.A.dylib+0x5097]  objc_msgSend+0x17
#
# Failed to write core dump. Core dumps have been disabled. To enable core dumping, try "ulimit -c unlimited" before starting Java again
#
# If you would like to submit a bug report, please visit:
#   http://bugreport.java.com/bugreport/crash.jsp
# The crash happened outside the Java Virtual Machine in native code.
# See problematic frame for where to report the bug.
#

---------------  T H R E A D  ---------------

Current thread (0x00007fb66397a800):  JavaThread "AppKit Thread" daemon [_thread_in_native, id=3335, stack(0x00007fff53e10000,0x00007fff54610000)]

siginfo: si_signo: 11 (SIGSEGV), si_code: 0 (unknown), si_addr: 0x0000000000000000

Registers:
RAX=0x00007fb66349bb30, RBX=0x00000000000f42ec, RCX=0x0000000000000000, RDX=0x00007fb66349c970
RSP=0x00007fff5460b598, RBP=0x00007fff5460b5a0, RSI=0x00007fff98524b9f, RDI=0x00007fb66349bb30
R8 =0x0000000000000040, R9 =0x00007fff5460b500, R10=0x00007fff98524b9f, R11=0x355bef6c0001000f
R12=0x00000000000f42ec, R13=0x00007fff5460b768, R14=0x00007fb6635e3c10, R15=0x00007fff5460b6c8
RIP=0x00007fff94fef097, EFLAGS=0x0000000000010246, ERR=0x0000000000000000
  TRAPNO=0x000000000000000d

Top of Stack: (sp=0x00007fff5460b598)
0x00007fff5460b598:   00007fff95ecfe0c 00007fff5460b900
0x00007fff5460b5a8:   00007fff95dc382d 0000000000000003
0x00007fff5460b5b8:   000000010b60e400 00007fff5460b600
0x00007fff5460b5c8:   00007fff9457e272 0000000000000798
0x00007fff5460b5d8:   00000000000f42ee 0000000000000002
0x00007fff5460b5e8:   00007fb6635956a0 00007fb663595050
0x00007fff5460b5f8:   00007fb66350f3d0 00007fb66349c970
0x00007fff5460b608:   00007fff5460b6c0 0000000000000000
0x00007fff5460b618:   00000000000f42ec 0000000000000051
0x00007fff5460b628:   00007fff5460b740 0000000000000000
0x00007fff5460b638:   0000000000000001 00007fb66350f3c0
0x00007fff5460b648:   000000000000004f 000000000001ddf0
0x00007fff5460b658:   0000010000000000 00007fff7cb99a60
0x00007fff5460b668:   0000206000b326ea 00007fff5460b7c0
0x00007fff5460b678:   0000000000000000 00007fff5460b758
0x00007fff5460b688:   00007fff5460b738 00007fff7cb99a48
0x00007fff5460b698:   0000000000000000 0000000000000027
0x00007fff5460b6a8:   00007fff91b326ea 00007fff7e5fed38
0x00007fff5460b6b8:   0000000000000000 00007fb663595720
0x00007fff5460b6c8:   00007fb6635e3c10 00007fff93b97b08
0x00007fff5460b6d8:   0000000000000000 00007fff5460b7a0
0x00007fff5460b6e8:   00007fff90115dde 00007fff7db5b0d0
0x00007fff5460b6f8:   0000000042000000 00007fff9011e1d1
0x00007fff5460b708:   00007fff7cb75b40 00007fff5460b808
0x00007fff5460b718:   00007fff5460b738 00007fff5460b758
0x00007fff5460b728:   0000000000000000 000000010b60a001
0x00007fff5460b738:   0000000000000000 000000000000004d
0x00007fff5460b748:   0000000000000000 00000000000f42e2
0x00007fff5460b758:   000000000000004f 0000000000000000
0x00007fff5460b768:   00000000000f42ec 000000015460b810
0x00007fff5460b778:   00007fff91b33261 00007fff7dd58748
0x00007fff5460b788:   00007fff7dd5874c 000000007dd541b8 

Instructions: (pc=0x00007fff94fef097)
0x00007fff94fef077:   90 90 90 90 90 90 90 90 90 48 85 ff 2e 74 72 40
0x00007fff94fef087:   f6 c7 01 2e 0f 85 7e 00 00 00 4c 8b 1f 49 89 f2
0x00007fff94fef097:   45 23 53 18 49 c1 e2 04 4d 03 53 10 49 3b 32 75
0x00007fff94fef0a7:   04 41 ff 62 08 49 83 3a 00 74 74 4d 3b 53 10 74 

Register to memory mapping:

RAX=0x00007fb66349bb30 is an unknown value
RBX=0x00000000000f42ec is an unknown value
RCX=0x0000000000000000 is an unknown value
RDX=0x00007fb66349c970 is an unknown value
RSP=0x00007fff5460b598 is pointing into the stack for thread: 0x00007fb66397a800
RBP=0x00007fff5460b5a0 is pointing into the stack for thread: 0x00007fb66397a800
RSI=0x00007fff98524b9f: NSAppKitVersionNumber+0x5358f in /System/Library/Frameworks/AppKit.framework/Versions/C/AppKit at 0x00007fff97a81000
RDI=0x00007fb66349bb30 is an unknown value
R8 =0x0000000000000040 is an unknown value
R9 =0x00007fff5460b500 is pointing into the stack for thread: 0x00007fb66397a800
R10=0x00007fff98524b9f: NSAppKitVersionNumber+0x5358f in /System/Library/Frameworks/AppKit.framework/Versions/C/AppKit at 0x00007fff97a81000
R11=0x355bef6c0001000f is an unknown value
R12=0x00000000000f42ec is an unknown value
R13=0x00007fff5460b768 is pointing into the stack for thread: 0x00007fb66397a800
R14=0x00007fb6635e3c10 is an unknown value
R15=0x00007fff5460b6c8 is pointing into the stack for thread: 0x00007fb66397a800


Stack: [0x00007fff53e10000,0x00007fff54610000],  sp=0x00007fff5460b598,  free space=8173k
Native frames: (J=compiled Java code, j=interpreted, Vv=VM code, C=native code)
C  [libobjc.A.dylib+0x5097]  objc_msgSend+0x17
C  [CoreFoundation+0x1082d]  _CFXNotificationPost+0xb4d
C  [Foundation+0x2dda]  -[NSNotificationCenter postNotificationName:object:userInfo:]+0x44
C  [AppKit+0x10f5a9]  -[NSSurface _disposeSurface]+0x98
C  [AppKit+0x10f045]  -[NSSurface setWindow:]+0x46
C  [AppKit+0x3af27]  -[NSView _setWindow:]+0x8ea
C  [AppKit+0x3bf7a]  -[NSView removeFromSuperview]+0x15e
C  [AppKit+0x986e9]  -[NSView removeFromSuperviewWithoutNeedingDisplay]+0x26
C  [liblwjgl.dylib+0xa205]  +[MacOSXKeyableWindow destroyWindow]+0xb5
C  [Foundation+0x6375e]  __NSThreadPerformPerform+0xe5
C  [CoreFoundation+0x7f5b1]  __CFRUNLOOP_IS_CALLING_OUT_TO_A_SOURCE0_PERFORM_FUNCTION__+0x11
C  [CoreFoundation+0x70c62]  __CFRunLoopDoSources0+0xf2
C  [CoreFoundation+0x703ef]  __CFRunLoopRun+0x33f
C  [CoreFoundation+0x6fe75]  CFRunLoopRunSpecific+0x135
C  [HIToolbox+0x2ea0d]  RunCurrentEventLoopInMode+0xe2
C  [HIToolbox+0x2e7b7]  ReceiveNextEventCommon+0x1df
C  [HIToolbox+0x2e5bc]  _BlockUntilNextEventMatchingListInModeWithFilter+0x41
C  [AppKit+0x2424e]  _DPSNextEvent+0x59a
C  [AppKit+0x2389b]  -[NSApplication nextEventMatchingMask:untilDate:inMode:dequeue:]+0x7a
C  [libosxapp.dylib+0x23aa]  -[NSApplicationAWT nextEventMatchingMask:untilDate:inMode:dequeue:]+0x7c
C  [AppKit+0x1799c]  -[NSApplication run]+0x229
C  [libosxapp.dylib+0x214d]  +[NSApplicationAWT runAWTLoopWithApp:]+0x9c
C  [libawt_lwawt.dylib+0x44517]  -[AWTStarter starter:]+0x389
C  [Foundation+0x6375e]  __NSThreadPerformPerform+0xe5
C  [CoreFoundation+0x7f5b1]  __CFRUNLOOP_IS_CALLING_OUT_TO_A_SOURCE0_PERFORM_FUNCTION__+0x11
C  [CoreFoundation+0x70c62]  __CFRunLoopDoSources0+0xf2
C  [CoreFoundation+0x703ef]  __CFRunLoopRun+0x33f
C  [CoreFoundation+0x6fe75]  CFRunLoopRunSpecific+0x135
C  [java+0x6463]  CreateExecutionEnvironment+0x367
C  [java+0x21ac]  JLI_Launch+0x7a0
C  [java+0x84c0]  main+0x65
C  [java+0x1a04]  start+0x34
C  0x0000000000000006


---------------  P R O C E S S  ---------------

Java Threads: ( => current thread )
  0x00007fb663852800 JavaThread "AWT-Shutdown" [_thread_blocked, id=25627, stack(0x0000000121ec6000,0x0000000121fc6000)]
=>0x00007fb66397a800 JavaThread "AppKit Thread" daemon [_thread_in_native, id=3335, stack(0x00007fff53e10000,0x00007fff54610000)]
  0x00007fb663840000 JavaThread "Service Thread" daemon [_thread_blocked, id=18435, stack(0x000000012030a000,0x000000012040a000)]
  0x00007fb664043000 JavaThread "C1 CompilerThread1" daemon [_thread_blocked, id=17923, stack(0x0000000120207000,0x0000000120307000)]
  0x00007fb664037800 JavaThread "C2 CompilerThread0" daemon [_thread_blocked, id=17411, stack(0x0000000120104000,0x0000000120204000)]
  0x00007fb66404d800 JavaThread "Signal Dispatcher" daemon [_thread_blocked, id=16899, stack(0x0000000120001000,0x0000000120101000)]
  0x00007fb664027000 JavaThread "Finalizer" daemon [_thread_blocked, id=12035, stack(0x000000011fdb3000,0x000000011feb3000)]
  0x00007fb66380d000 JavaThread "Reference Handler" daemon [_thread_blocked, id=11523, stack(0x000000011fcb0000,0x000000011fdb0000)]
  0x00007fb66380e000 JavaThread "main" [_thread_in_native, id=4867, stack(0x000000010c67e000,0x000000010c77e000)]

Other Threads:
  0x00007fb664021000 VMThread [stack: 0x000000011fbad000,0x000000011fcad000] [id=11011]
  0x00007fb66404e800 WatcherThread [stack: 0x000000012040d000,0x000000012050d000] [id=18947]

VM state:not at safepoint (normal execution)

VM Mutex/Monitor currently owned by a thread: None

Heap:
 PSYoungGen      total 18944K, used 10356K [0x00000007aab00000, 0x00000007ac000000, 0x00000007c0000000)
  eden space 16384K, 63% used [0x00000007aab00000,0x00000007ab51d250,0x00000007abb00000)
  from space 2560K, 0% used [0x00000007abd80000,0x00000007abd80000,0x00000007ac000000)
  to   space 2560K, 0% used [0x00000007abb00000,0x00000007abb00000,0x00000007abd80000)
 ParOldGen       total 44032K, used 0K [0x0000000780000000, 0x0000000782b00000, 0x00000007aab00000)
  object space 44032K, 0% used [0x0000000780000000,0x0000000780000000,0x0000000782b00000)
 Metaspace       used 6856K, capacity 7043K, committed 7168K, reserved 1056768K
  class space    used 674K, capacity 760K, committed 768K, reserved 1048576K

Card table byte_map: [0x000000011bfc0000,0x000000011c1c1000] byte_map_base: 0x00000001183c0000

Marking Bits: (ParMarkBitMap*) 0x000000010bfd2e20
 Begin Bits: [0x000000011c51d000, 0x000000011d51d000)
 End Bits:   [0x000000011d51d000, 0x000000011e51d000)

Polling page: 0x000000010c7d9000

CodeCache: size=245760Kb used=2716Kb max_used=2724Kb free=243043Kb
 bounds [0x000000010cc00000, 0x000000010ceb0000, 0x000000011bc00000]
 total_blobs=1106 nmethods=706 adapters=316
 compilation: enabled

Compilation events (10 events):
Event: 30.929 Thread 0x00007fb664043000  699       3       java.nio.Bits::int2 (6 bytes)
Event: 30.929 Thread 0x00007fb664043000 nmethod 699 0x000000010cea5690 code [0x000000010cea57e0, 0x000000010cea5910]
Event: 30.929 Thread 0x00007fb664043000  700       3       java.nio.Bits::int1 (6 bytes)
Event: 30.929 Thread 0x00007fb664043000 nmethod 700 0x000000010cea5390 code [0x000000010cea54e0, 0x000000010cea5610]
Event: 30.929 Thread 0x00007fb664043000  701       3       java.nio.Bits::int0 (3 bytes)
Event: 30.929 Thread 0x00007fb664043000 nmethod 701 0x000000010cea5090 code [0x000000010cea51e0, 0x000000010cea5310]
Event: 31.002 Thread 0x00007fb664037800  702   !   4       org.lwjgl.opengl.Display::isFullscreen (34 bytes)
Event: 31.003 Thread 0x00007fb664037800 nmethod 702 0x000000010cea4c50 code [0x000000010cea4da0, 0x000000010cea4fd8]
Event: 31.052 Thread 0x00007fb664037800  703       4       java.nio.DirectIntBufferU::put (18 bytes)
Event: 31.053 Thread 0x00007fb664037800 nmethod 703 0x000000010ceaa650 code [0x000000010ceaa7a0, 0x000000010ceaa858]

GC Heap History (0 events):
No events

Deoptimization events (1 events):
Event: 1.003 Thread 0x00007fb66380e000 Uncommon trap: reason=unstable_if action=reinterpret pc=0x000000010cda5d2c method=java.lang.String.replace(CC)Ljava/lang/String; @ 26

Internal exceptions (10 events):
Event: 0.340 Thread 0x00007fb66380e000 Exception <a 'java/security/PrivilegedActionException'> (0x00000007aabb6c60) thrown at [/Users/java_re/workspace/8-2-build-macosx-x86_64/jdk8u65/4987/hotspot/src/share/vm/prims/jvm.cpp, line 1386]
Event: 0.341 Thread 0x00007fb66380e000 Exception <a 'java/security/PrivilegedActionException'> (0x00000007aabb6e70) thrown at [/Users/java_re/workspace/8-2-build-macosx-x86_64/jdk8u65/4987/hotspot/src/share/vm/prims/jvm.cpp, line 1386]
Event: 0.494 Thread 0x00007fb66380e000 Exception <a 'java/security/PrivilegedActionException'> (0x00000007aacc4018) thrown at [/Users/java_re/workspace/8-2-build-macosx-x86_64/jdk8u65/4987/hotspot/src/share/vm/prims/jvm.cpp, line 1386]
Event: 0.494 Thread 0x00007fb66380e000 Exception <a 'java/security/PrivilegedActionException'> (0x00000007aacc4228) thrown at [/Users/java_re/workspace/8-2-build-macosx-x86_64/jdk8u65/4987/hotspot/src/share/vm/prims/jvm.cpp, line 1386]
Event: 0.495 Thread 0x00007fb66380e000 Exception <a 'java/security/PrivilegedActionException'> (0x00000007aacc76b0) thrown at [/Users/java_re/workspace/8-2-build-macosx-x86_64/jdk8u65/4987/hotspot/src/share/vm/prims/jvm.cpp, line 1386]
Event: 0.495 Thread 0x00007fb66380e000 Exception <a 'java/security/PrivilegedActionException'> (0x00000007aacc78c0) thrown at [/Users/java_re/workspace/8-2-build-macosx-x86_64/jdk8u65/4987/hotspot/src/share/vm/prims/jvm.cpp, line 1386]
Event: 0.580 Thread 0x00007fb66380e000 Exception <a 'java/lang/NoSuchFieldError': method resolution failed> (0x00000007aad9cc48) thrown at [/Users/java_re/workspace/8-2-build-macosx-x86_64/jdk8u65/4987/hotspot/src/share/vm/prims/methodHandles.cpp, line 1146]
Event: 0.588 Thread 0x00007fb66380e000 Exception <a 'java/lang/NoSuchFieldError': method resolution failed> (0x00000007aadaa398) thrown at [/Users/java_re/workspace/8-2-build-macosx-x86_64/jdk8u65/4987/hotspot/src/share/vm/prims/methodHandles.cpp, line 1146]
Event: 0.738 Thread 0x00007fb66380e000 Exception <a 'java/io/FileNotFoundException'> (0x00000007aae252f0) thrown at [/Users/java_re/workspace/8-2-build-macosx-x86_64/jdk8u65/4987/hotspot/src/share/vm/prims/jni.cpp, line 709]
Event: 0.738 Thread 0x00007fb66380e000 Exception <a 'java/io/FileNotFoundException'> (0x00000007aae25e58) thrown at [/Users/java_re/workspace/8-2-build-macosx-x86_64/jdk8u65/4987/hotspot/src/share/vm/prims/jni.cpp, line 709]

Events (10 events):
Event: 13.619 Thread 0x00007fb6639a9000 Thread exited: 0x00007fb6639a9000
Event: 14.938 Thread 0x00007fb664367800 Thread added: 0x00007fb664367800
Event: 19.691 Executing VM operation: RevokeBias
Event: 19.691 Executing VM operation: RevokeBias done
Event: 19.692 Executing VM operation: RevokeBias
Event: 19.692 Executing VM operation: RevokeBias done
Event: 19.692 Thread 0x00007fb664367800 Thread exited: 0x00007fb664367800
Event: 20.026 Thread 0x00007fb663852800 Thread added: 0x00007fb663852800
Event: 32.382 loading class org/lwjgl/opengl/CallbackUtil
Event: 32.382 loading class org/lwjgl/opengl/CallbackUtil done


Dynamic libraries:
0x000000000c161000 	/System/Library/Frameworks/Cocoa.framework/Versions/A/Cocoa
0x000000000c161000 	/System/Library/Frameworks/Security.framework/Versions/A/Security
0x000000000c161000 	/System/Library/Frameworks/ApplicationServices.framework/Versions/A/ApplicationServices
0x000000000c161000 	/usr/lib/libz.1.dylib
0x000000000c161000 	/usr/lib/libSystem.B.dylib
0x000000000c161000 	/usr/lib/libobjc.A.dylib
0x000000000c161000 	/System/Library/Frameworks/CoreFoundation.framework/Versions/A/CoreFoundation
0x000000000c161000 	/System/Library/Frameworks/Foundation.framework/Versions/C/Foundation
0x000000000c161000 	/System/Library/Frameworks/AppKit.framework/Versions/C/AppKit
0x000000000c161000 	/System/Library/Frameworks/CoreData.framework/Versions/A/CoreData
0x000000000c161000 	/System/Library/PrivateFrameworks/RemoteViewServices.framework/Versions/A/RemoteViewServices
0x000000000c161000 	/System/Library/Frameworks/AudioToolbox.framework/Versions/A/AudioToolbox
0x000000000c161000 	/System/Library/Frameworks/AudioUnit.framework/Versions/A/AudioUnit
0x000000000c161000 	/System/Library/PrivateFrameworks/DataDetectorsCore.framework/Versions/A/DataDetectorsCore
0x000000000c161000 	/System/Library/PrivateFrameworks/DesktopServicesPriv.framework/Versions/A/DesktopServicesPriv
0x000000000c161000 	/System/Library/Frameworks/Carbon.framework/Versions/A/Frameworks/HIToolbox.framework/Versions/A/HIToolbox
0x000000000c161000 	/System/Library/Frameworks/QuartzCore.framework/Versions/A/QuartzCore
0x000000000c161000 	/System/Library/Frameworks/Carbon.framework/Versions/A/Frameworks/SpeechRecognition.framework/Versions/A/SpeechRecognition
0x000000000c161000 	/usr/lib/libauto.dylib
0x000000000c161000 	/usr/lib/libicucore.A.dylib
0x000000000c161000 	/usr/lib/libxml2.2.dylib
0x000000000c161000 	/System/Library/PrivateFrameworks/CoreUI.framework/Versions/A/CoreUI
0x000000000c161000 	/System/Library/Frameworks/CoreAudio.framework/Versions/A/CoreAudio
0x000000000c161000 	/System/Library/Frameworks/DiskArbitration.framework/Versions/A/DiskArbitration
0x000000000c161000 	/usr/lib/liblangid.dylib
0x000000000c161000 	/System/Library/PrivateFrameworks/MultitouchSupport.framework/Versions/A/MultitouchSupport
0x000000000c161000 	/System/Library/Frameworks/IOKit.framework/Versions/A/IOKit
0x000000000c161000 	/usr/lib/libDiagnosticMessagesClient.dylib
0x000000000c161000 	/System/Library/Frameworks/CoreServices.framework/Versions/A/CoreServices
0x000000000c161000 	/System/Library/PrivateFrameworks/PerformanceAnalysis.framework/Versions/A/PerformanceAnalysis
0x000000000c161000 	/System/Library/PrivateFrameworks/GenerationalStorage.framework/Versions/A/GenerationalStorage
0x000000000c161000 	/System/Library/Frameworks/OpenGL.framework/Versions/A/OpenGL
0x000000000c161000 	/System/Library/PrivateFrameworks/Sharing.framework/Versions/A/Sharing
0x000000000c161000 	/System/Library/Frameworks/ImageIO.framework/Versions/A/ImageIO
0x000000000c161000 	/System/Library/Frameworks/CoreText.framework/Versions/A/CoreText
0x000000000c161000 	/System/Library/Frameworks/CoreGraphics.framework/Versions/A/CoreGraphics
0x000000000c161000 	/System/Library/PrivateFrameworks/Backup.framework/Versions/A/Backup
0x000000000c161000 	/System/Library/Frameworks/CFNetwork.framework/Versions/A/CFNetwork
0x000000000c161000 	/System/Library/Frameworks/SystemConfiguration.framework/Versions/A/SystemConfiguration
0x000000000c161000 	/usr/lib/libCRFSuite.dylib
0x000000000c161000 	/usr/lib/libc++.1.dylib
0x000000000c161000 	/usr/lib/libc++abi.dylib
0x000000000c161000 	/usr/lib/system/libcache.dylib
0x000000000c161000 	/usr/lib/system/libcommonCrypto.dylib
0x000000000c161000 	/usr/lib/system/libcompiler_rt.dylib
0x000000000c161000 	/usr/lib/system/libcopyfile.dylib
0x000000000c161000 	/usr/lib/system/libcorecrypto.dylib
0x000000000c161000 	/usr/lib/system/libdispatch.dylib
0x000000000c161000 	/usr/lib/system/libdyld.dylib
0x000000000c161000 	/usr/lib/system/libkeymgr.dylib
0x000000000c161000 	/usr/lib/system/liblaunch.dylib
0x000000000c161000 	/usr/lib/system/libmacho.dylib
0x000000000c161000 	/usr/lib/system/libquarantine.dylib
0x000000000c161000 	/usr/lib/system/libremovefile.dylib
0x000000000c161000 	/usr/lib/system/libsystem_asl.dylib
0x000000000c161000 	/usr/lib/system/libsystem_blocks.dylib
0x000000000c161000 	/usr/lib/system/libsystem_c.dylib
0x000000000c161000 	/usr/lib/system/libsystem_configuration.dylib
0x000000000c161000 	/usr/lib/system/libsystem_dnssd.dylib
0x000000000c161000 	/usr/lib/system/libsystem_info.dylib
0x000000000c161000 	/usr/lib/system/libsystem_kernel.dylib
0x000000000c161000 	/usr/lib/system/libsystem_m.dylib
0x000000000c161000 	/usr/lib/system/libsystem_malloc.dylib
0x000000000c161000 	/usr/lib/system/libsystem_network.dylib
0x000000000c161000 	/usr/lib/system/libsystem_notify.dylib
0x000000000c161000 	/usr/lib/system/libsystem_platform.dylib
0x000000000c161000 	/usr/lib/system/libsystem_pthread.dylib
0x000000000c161000 	/usr/lib/system/libsystem_sandbox.dylib
0x000000000c161000 	/usr/lib/system/libsystem_stats.dylib
0x000000000c161000 	/usr/lib/system/libunc.dylib
0x000000000c161000 	/usr/lib/system/libunwind.dylib
0x000000000c161000 	/usr/lib/system/libxpc.dylib
0x000000000c161000 	/usr/lib/libbsm.0.dylib
0x000000000c161000 	/usr/lib/libsqlite3.dylib
0x000000000c161000 	/usr/lib/libxar.1.dylib
0x000000000c161000 	/usr/lib/libpam.2.dylib
0x000000000c161000 	/usr/lib/libOpenScriptingUtil.dylib
0x000000000c161000 	/usr/lib/libbz2.1.0.dylib
0x000000000c161000 	/System/Library/Frameworks/CoreServices.framework/Versions/A/Frameworks/CarbonCore.framework/Versions/A/CarbonCore
0x000000000c161000 	/System/Library/Frameworks/CoreServices.framework/Versions/A/Frameworks/Metadata.framework/Versions/A/Metadata
0x000000000c161000 	/System/Library/Frameworks/CoreServices.framework/Versions/A/Frameworks/OSServices.framework/Versions/A/OSServices
0x000000000c161000 	/System/Library/Frameworks/CoreServices.framework/Versions/A/Frameworks/SearchKit.framework/Versions/A/SearchKit
0x000000000c161000 	/System/Library/Frameworks/CoreServices.framework/Versions/A/Frameworks/AE.framework/Versions/A/AE
0x000000000c161000 	/System/Library/Frameworks/CoreServices.framework/Versions/A/Frameworks/LaunchServices.framework/Versions/A/LaunchServices
0x000000000c161000 	/System/Library/Frameworks/CoreServices.framework/Versions/A/Frameworks/DictionaryServices.framework/Versions/A/DictionaryServices
0x000000000c161000 	/System/Library/Frameworks/NetFS.framework/Versions/A/NetFS
0x000000000c161000 	/usr/lib/system/libkxld.dylib
0x000000000c161000 	/System/Library/PrivateFrameworks/NetAuth.framework/Versions/A/NetAuth
0x000000000c161000 	/System/Library/PrivateFrameworks/TCC.framework/Versions/A/TCC
0x000000000c161000 	/System/Library/Frameworks/OpenDirectory.framework/Versions/A/Frameworks/CFOpenDirectory.framework/Versions/A/CFOpenDirectory
0x000000000c161000 	/System/Library/Frameworks/ServiceManagement.framework/Versions/A/ServiceManagement
0x000000000c161000 	/usr/lib/libxslt.1.dylib
0x000000000c161000 	/System/Library/Frameworks/Carbon.framework/Versions/A/Frameworks/Ink.framework/Versions/A/Ink
0x000000000c161000 	/System/Library/Frameworks/ApplicationServices.framework/Versions/A/Frameworks/ATS.framework/Versions/A/ATS
0x000000000c161000 	/System/Library/Frameworks/ApplicationServices.framework/Versions/A/Frameworks/ColorSync.framework/Versions/A/ColorSync
0x000000000c161000 	/System/Library/Frameworks/ApplicationServices.framework/Versions/A/Frameworks/HIServices.framework/Versions/A/HIServices
0x000000000c161000 	/System/Library/Frameworks/ApplicationServices.framework/Versions/A/Frameworks/LangAnalysis.framework/Versions/A/LangAnalysis
0x000000000c161000 	/System/Library/Frameworks/ApplicationServices.framework/Versions/A/Frameworks/PrintCore.framework/Versions/A/PrintCore
0x000000000c161000 	/System/Library/Frameworks/ApplicationServices.framework/Versions/A/Frameworks/QD.framework/Versions/A/QD
0x000000000c161000 	/System/Library/Frameworks/ApplicationServices.framework/Versions/A/Frameworks/SpeechSynthesis.framework/Versions/A/SpeechSynthesis
0x000000000c161000 	/System/Library/Frameworks/IOSurface.framework/Versions/A/IOSurface
0x000000000c161000 	/System/Library/Frameworks/Accelerate.framework/Versions/A/Accelerate
0x000000000c161000 	/System/Library/Frameworks/Accelerate.framework/Versions/A/Frameworks/vImage.framework/Versions/A/vImage
0x000000000c161000 	/System/Library/Frameworks/Accelerate.framework/Versions/A/Frameworks/vecLib.framework/Versions/A/vecLib
0x000000000c161000 	/System/Library/Frameworks/Accelerate.framework/Versions/A/Frameworks/vecLib.framework/Versions/A/libvDSP.dylib
0x000000000c161000 	/System/Library/Frameworks/Accelerate.framework/Versions/A/Frameworks/vecLib.framework/Versions/A/libvMisc.dylib
0x000000000c161000 	/System/Library/Frameworks/Accelerate.framework/Versions/A/Frameworks/vecLib.framework/Versions/A/libLAPACK.dylib
0x000000000c161000 	/System/Library/Frameworks/Accelerate.framework/Versions/A/Frameworks/vecLib.framework/Versions/A/libBLAS.dylib
0x000000000c161000 	/System/Library/Frameworks/ApplicationServices.framework/Versions/A/Frameworks/ATS.framework/Versions/A/Resources/libFontParser.dylib
0x000000000c161000 	/System/Library/Frameworks/ApplicationServices.framework/Versions/A/Frameworks/ATS.framework/Versions/A/Resources/libFontRegistry.dylib
0x000000000c161000 	/System/Library/Frameworks/ImageIO.framework/Versions/A/Resources/libJPEG.dylib
0x000000000c161000 	/System/Library/Frameworks/ImageIO.framework/Versions/A/Resources/libTIFF.dylib
0x000000000c161000 	/System/Library/Frameworks/ImageIO.framework/Versions/A/Resources/libPng.dylib
0x000000000c161000 	/System/Library/Frameworks/ImageIO.framework/Versions/A/Resources/libGIF.dylib
0x000000000c161000 	/System/Library/Frameworks/ImageIO.framework/Versions/A/Resources/libJP2.dylib
0x000000000c161000 	/System/Library/Frameworks/ImageIO.framework/Versions/A/Resources/libRadiance.dylib
0x000000000c161000 	/usr/lib/libcups.2.dylib
0x000000000c161000 	/System/Library/Frameworks/Kerberos.framework/Versions/A/Kerberos
0x000000000c161000 	/System/Library/Frameworks/GSS.framework/Versions/A/GSS
0x000000000c161000 	/usr/lib/libresolv.9.dylib
0x000000000c161000 	/usr/lib/libiconv.2.dylib
0x000000000c161000 	/System/Library/PrivateFrameworks/Heimdal.framework/Versions/A/Heimdal
0x000000000c161000 	/System/Library/PrivateFrameworks/TrustEvaluationAgent.framework/Versions/A/TrustEvaluationAgent
0x000000000c161000 	/usr/lib/libheimdal-asn1.dylib
0x000000000c161000 	/System/Library/Frameworks/OpenDirectory.framework/Versions/A/OpenDirectory
0x000000000c161000 	/System/Library/PrivateFrameworks/CommonAuth.framework/Versions/A/CommonAuth
0x000000000c161000 	/System/Library/Frameworks/SecurityFoundation.framework/Versions/A/SecurityFoundation
0x000000000c161000 	/System/Library/PrivateFrameworks/Bom.framework/Versions/A/Bom
0x000000000c161000 	/System/Library/Frameworks/CoreVideo.framework/Versions/A/CoreVideo
0x000000000c161000 	/System/Library/Frameworks/QuartzCore.framework/Versions/A/Frameworks/CoreImage.framework/Versions/A/CoreImage
0x000000000c161000 	/System/Library/Frameworks/QuartzCore.framework/Versions/A/Frameworks/ScalableUserInterface.framework/Versions/A/ScalableUserInterface
0x000000000c161000 	/System/Library/Frameworks/OpenGL.framework/Versions/A/Libraries/libGLU.dylib
0x000000000c161000 	/System/Library/Frameworks/OpenGL.framework/Versions/A/Libraries/libGFXShared.dylib
0x000000000c161000 	/System/Library/Frameworks/OpenGL.framework/Versions/A/Libraries/libGL.dylib
0x000000000c161000 	/System/Library/Frameworks/OpenGL.framework/Versions/A/Libraries/libGLImage.dylib
0x000000000c161000 	/System/Library/Frameworks/OpenGL.framework/Versions/A/Libraries/libCVMSPluginSupport.dylib
0x000000000c161000 	/System/Library/Frameworks/OpenGL.framework/Versions/A/Libraries/libCoreVMClient.dylib
0x000000000c161000 	/System/Library/PrivateFrameworks/FaceCore.framework/Versions/A/FaceCore
0x000000000c161000 	/System/Library/PrivateFrameworks/CrashReporterSupport.framework/Versions/A/CrashReporterSupport
0x000000000c161000 	/System/Library/Frameworks/OpenCL.framework/Versions/A/OpenCL
0x000000000c161000 	/System/Library/PrivateFrameworks/AppleFSCompression.framework/Versions/A/AppleFSCompression
0x000000000c161000 	/System/Library/PrivateFrameworks/Ubiquity.framework/Versions/A/Ubiquity
0x000000000c161000 	/System/Library/PrivateFrameworks/IconServices.framework/Versions/A/IconServices
0x000000000c161000 	/System/Library/PrivateFrameworks/ChunkingLibrary.framework/Versions/A/ChunkingLibrary
0x000000000c161000 	/System/Library/PrivateFrameworks/CoreSymbolication.framework/Versions/A/CoreSymbolication
0x000000000c161000 	/System/Library/PrivateFrameworks/Symbolication.framework/Versions/A/Symbolication
0x000000000c161000 	/System/Library/PrivateFrameworks/DebugSymbols.framework/Versions/A/DebugSymbols
0x000000005093c000 	/System/Library/CoreServices/Encodings/libLatin2Converter.dylib
0x000000010b6f4000 	/Library/Java/JavaVirtualMachines/jdk1.8.0_65.jdk/Contents/Home/jre/lib/server/libjvm.dylib
0x000000000c161000 	/usr/lib/libstdc++.6.dylib
0x000000010c780000 	/Library/Java/JavaVirtualMachines/jdk1.8.0_65.jdk/Contents/Home/jre/lib/libverify.dylib
0x000000010c7a4000 	/Library/Java/JavaVirtualMachines/jdk1.8.0_65.jdk/Contents/Home/jre/lib/libjava.dylib
0x000000010c7e3000 	/Library/Java/JavaVirtualMachines/jdk1.8.0_65.jdk/Contents/Home/jre/lib/libzip.dylib
0x000000011feb5000 	/System/Library/Frameworks/JavaVM.framework/Frameworks/JavaRuntimeSupport.framework/JavaRuntimeSupport
0x000000011fecd000 	/System/Library/Frameworks/JavaVM.framework/Versions/A/Frameworks/JavaNativeFoundation.framework/Versions/A/JavaNativeFoundation
0x000000011fee1000 	/System/Library/Frameworks/JavaVM.framework/Versions/A/JavaVM
0x000000000c161000 	/System/Library/Frameworks/Carbon.framework/Versions/A/Carbon
0x000000011feed000 	/System/Library/PrivateFrameworks/JavaLaunching.framework/Versions/A/JavaLaunching
0x000000000c161000 	/System/Library/Frameworks/Carbon.framework/Versions/A/Frameworks/CommonPanels.framework/Versions/A/CommonPanels
0x000000000c161000 	/System/Library/Frameworks/Carbon.framework/Versions/A/Frameworks/Help.framework/Versions/A/Help
0x000000000c161000 	/System/Library/Frameworks/Carbon.framework/Versions/A/Frameworks/ImageCapture.framework/Versions/A/ImageCapture
0x000000000c161000 	/System/Library/Frameworks/Carbon.framework/Versions/A/Frameworks/OpenScripting.framework/Versions/A/OpenScripting
0x000000000c161000 	/System/Library/Frameworks/Carbon.framework/Versions/A/Frameworks/Print.framework/Versions/A/Print
0x000000000c161000 	/System/Library/Frameworks/Carbon.framework/Versions/A/Frameworks/SecurityHI.framework/Versions/A/SecurityHI
0x000000012053c000 	/Library/Java/JavaVirtualMachines/jdk1.8.0_65.jdk/Contents/Home/jre/lib/libawt.dylib
0x00000001205e4000 	/Library/Java/JavaVirtualMachines/jdk1.8.0_65.jdk/Contents/Home/jre/lib/./libmlib_image.dylib
0x00000001206b0000 	/Library/Java/JavaVirtualMachines/jdk1.8.0_65.jdk/Contents/Home/jre/lib/libawt_lwawt.dylib
0x0000000120765000 	/Library/Java/JavaVirtualMachines/jdk1.8.0_65.jdk/Contents/Home/jre/lib/./libosxapp.dylib
0x000000000c161000 	/System/Library/Frameworks/ExceptionHandling.framework/Versions/A/ExceptionHandling
0x000000000c161000 	/System/Library/PrivateFrameworks/CoreServicesInternal.framework/Versions/A/CoreServicesInternal
0x000000000c161000 	/System/Library/PrivateFrameworks/Librarian.framework/Versions/A/Librarian
0x000000000c161000 	/System/Library/Frameworks/CoreGraphics.framework/Versions/A/Resources/libCGCMS.A.dylib
0x000000000c161000 	/System/Library/Frameworks/CoreGraphics.framework/Versions/A/Resources/libRIP.A.dylib
0x000000000c161000 	/System/Library/Frameworks/CoreGraphics.framework/Versions/A/Resources/libCGXType.A.dylib
0x000000000c161000 	/System/Library/PrivateFrameworks/FamilyControls.framework/Versions/A/FamilyControls
0x000000000c161000 	/System/Library/PrivateFrameworks/CommerceKit.framework/Versions/A/Frameworks/CommerceCore.framework/Versions/A/CommerceCore
0x000000000c161000 	/System/Library/PrivateFrameworks/SystemAdministration.framework/Versions/A/SystemAdministration
0x000000000c161000 	/System/Library/Frameworks/DirectoryService.framework/Versions/A/DirectoryService
0x000000000c161000 	/System/Library/PrivateFrameworks/DiskImages.framework/Versions/A/DiskImages
0x000000000c161000 	/System/Library/PrivateFrameworks/LoginUIKit.framework/Versions/A/Frameworks/LoginUICore.framework/Versions/A/LoginUICore
0x000000000c161000 	/usr/lib/libCoreStorage.dylib
0x000000000c161000 	/usr/lib/libcsfde.dylib
0x000000000c161000 	/usr/lib/libodfde.dylib
0x000000000c161000 	/System/Library/Frameworks/DiscRecording.framework/Versions/A/DiscRecording
0x000000000c161000 	/usr/lib/libcurl.4.dylib
0x000000000c161000 	/System/Library/PrivateFrameworks/MediaKit.framework/Versions/A/MediaKit
0x000000000c161000 	/System/Library/PrivateFrameworks/EFILogin.framework/Versions/A/EFILogin
0x000000000c161000 	/usr/lib/libutil.dylib
0x000000000c161000 	/System/Library/PrivateFrameworks/AOSNotification.framework/Versions/A/AOSNotification
0x000000000c161000 	/System/Library/Frameworks/LDAP.framework/Versions/A/LDAP
0x000000000c161000 	/usr/lib/libsasl2.2.dylib
0x000000000c161000 	/usr/lib/libcrypto.0.9.8.dylib
0x000000000c161000 	/usr/lib/libssl.0.9.8.dylib
0x00000001247a9000 	/Library/Java/JavaVirtualMachines/jdk1.8.0_65.jdk/Contents/Home/jre/lib/libfontmanager.dylib
0x0000000124810000 	/Users/kubasipika/Desktop/java_mars/libs/lwjgl-2.9.3/native/macosx/liblwjgl.dylib
0x00000001220f2000 	/Library/Java/JavaVirtualMachines/jdk1.8.0_65.jdk/Contents/Home/jre/lib/libjawt.dylib
0x000000000c161000 	/System/Library/Frameworks/OpenGL.framework/Versions/A/Resources/GLEngine.bundle/GLEngine
0x000000000c161000 	/System/Library/Frameworks/OpenGL.framework/Versions/A/Libraries/libGLProgrammability.dylib
0x0000000000000000 	/System/Library/Extensions/GeForceTeslaGLDriver.bundle/Contents/MacOS/GeForceTeslaGLDriver
0x0000000124892000 	/System/Library/Extensions/GeForceTeslaGLDriver.bundle/Contents/MacOS/libclh.dylib
0x00000001220f5000 	/System/Library/PrivateFrameworks/GPUSupport.framework/Versions/A/Libraries/libGPUSupport.dylib
0x000000000c161000 	/System/Library/Frameworks/OpenGL.framework/Versions/A/Resources/GLRendererFloat.bundle/GLRendererFloat
0x000000000c161000 	/System/Library/Frameworks/OpenCL.framework/Versions/A/Libraries/libcldcpuengine.dylib

VM Arguments:
jvm_args: -Djava.library.path=/Users/kubasipika/Desktop/java_mars/libs/lwjgl-2.9.3/native/macosx:/Users/kubasipika/Desktop/java_mars/libs/lwjgl-2.9.3/native/macosx -Dfile.encoding=UTF-8 
java_command: engineTester.MainGameLoop
java_class_path (initial): /Users/kubasipika/Desktop/FusionEngine/FusionEngine/bin:/Users/kubasipika/Desktop/java_mars/libs/lwjgl-2.9.3/jar/lwjgl_util.jar:/Users/kubasipika/Desktop/java_mars/libs/lwjgl-2.9.3/jar/lwjgl.jar:/Users/kubasipika/Desktop/java_mars/libs/slick/slick-util.jar
Launcher Type: SUN_STANDARD

Environment Variables:
PATH=/usr/bin:/bin:/usr/sbin:/sbin
SHELL=/bin/bash
DISPLAY=/tmp/launch-OtRGDy/org.macosforge.xquartz:0

Signal Handlers:
SIGSEGV: [libjvm.dylib+0x5a6d31], sa_mask[0]=11111111011111110111111111111111, sa_flags=SA_ONSTACK|SA_RESTART|SA_SIGINFO
SIGBUS: [libjvm.dylib+0x5a6d31], sa_mask[0]=11111111011111110111111111111111, sa_flags=SA_RESTART|SA_SIGINFO
SIGFPE: [libjvm.dylib+0x480a40], sa_mask[0]=11111111011111110111111111111111, sa_flags=SA_RESTART|SA_SIGINFO
SIGPIPE: [libjvm.dylib+0x480a40], sa_mask[0]=11111111011111110111111111111111, sa_flags=SA_RESTART|SA_SIGINFO
SIGXFSZ: [libjvm.dylib+0x480a40], sa_mask[0]=11111111011111110111111111111111, sa_flags=SA_RESTART|SA_SIGINFO
SIGILL: [libjvm.dylib+0x480a40], sa_mask[0]=11111111011111110111111111111111, sa_flags=SA_RESTART|SA_SIGINFO
SIGUSR1: SIG_DFL, sa_mask[0]=00000000000000000000000000000000, sa_flags=SA_RESTART
SIGUSR2: [libjvm.dylib+0x48055e], sa_mask[0]=00100000000000000000000000000000, sa_flags=SA_RESTART|SA_SIGINFO
SIGHUP: [libjvm.dylib+0x47eb35], sa_mask[0]=11111111011111110111111111111111, sa_flags=SA_RESTART|SA_SIGINFO
SIGINT: [libjvm.dylib+0x47eb35], sa_mask[0]=11111111011111110111111111111111, sa_flags=SA_RESTART|SA_SIGINFO
SIGTERM: [libjvm.dylib+0x47eb35], sa_mask[0]=11111111011111110111111111111111, sa_flags=SA_RESTART|SA_SIGINFO
SIGQUIT: [libjvm.dylib+0x47eb35], sa_mask[0]=11111111011111110111111111111111, sa_flags=SA_RESTART|SA_SIGINFO


---------------  S Y S T E M  ---------------

OS:Bsduname:Darwin 13.4.0 Darwin Kernel Version 13.4.0: Wed Mar 18 16:20:14 PDT 2015; root:xnu-2422.115.14~1/RELEASE_X86_64 x86_64
rlimit: STACK 8192k, CORE 0k, NPROC 709, NOFILE 10240, AS infinity
load average:1.38 1.46 1.84

CPU:total 2 (2 cores per cpu, 1 threads per core) family 6 model 23 stepping 10, cmov, cx8, fxsr, mmx, sse, sse2, sse3, ssse3, sse4.1, tsc

Memory: 4k page, physical 4194304k(18340k free)

/proc/meminfo:


vm_info: Java HotSpot(TM) 64-Bit Server VM (25.65-b01) for bsd-amd64 JRE (1.8.0_65-b17), built on Oct  6 2015 15:36:46 by "java_re" with gcc 4.2.1 (Based on Apple Inc. build 5658) (LLVM build 2336.11.00)

time: Mon Dec 28 21:38:31 2015
elapsed time: 32 seconds (0d 0h 0m 32s)

